<?xml version="1.0" encoding="UTF-8"?>
<!-- Generated by org.testng.reporters.JUnitReportReporter -->
<testsuite hostname="bartoszpieczara-OptiPlex-7020" name="gameManagement.moveManagement.MoveFactoryTest" tests="1" failures="0" timestamp="20 Nov 2017 18:22:57 GMT" time="0.000" errors="0">
  <testcase name="testCreateMove" time="0.000" classname="gameManagement.moveManagement.MoveFactoryTest"/>
</testsuite> <!-- gameManagement.moveManagement.MoveFactoryTest -->
