<?xml version="1.0" encoding="UTF-8"?>
<!-- Generated by org.testng.reporters.JUnitReportReporter -->
<testsuite hostname="bartoszpieczara-OptiPlex-7020" name="gameManagement.BoardTest" tests="48" failures="0" timestamp="20 Nov 2017 18:22:57 GMT" time="0.010" errors="0">
  <testcase name="testMarkTile" time="0.000" classname="gameManagement.BoardTest"/>
  <testcase name="testClearBoard" time="0.000" classname="gameManagement.BoardTest"/>
  <testcase name="testClearBoard" time="0.000" classname="gameManagement.BoardTest"/>
  <testcase name="testPopulateTheBoard" time="0.000" classname="gameManagement.BoardTest"/>
  <testcase name="testMarkTile" time="0.001" classname="gameManagement.BoardTest"/>
  <testcase name="testMarkTile" time="0.000" classname="gameManagement.BoardTest"/>
  <testcase name="testMarkTile" time="0.000" classname="gameManagement.BoardTest"/>
  <testcase name="testPopulateTheBoard" time="0.001" classname="gameManagement.BoardTest"/>
  <testcase name="testMarkTile" time="0.000" classname="gameManagement.BoardTest"/>
  <testcase name="testMarkTile" time="0.000" classname="gameManagement.BoardTest"/>
  <testcase name="testClearBoard" time="0.000" classname="gameManagement.BoardTest"/>
  <testcase name="testPopulateTheBoard" time="0.000" classname="gameManagement.BoardTest"/>
  <testcase name="testClearBoard" time="0.000" classname="gameManagement.BoardTest"/>
  <testcase name="testClearBoard" time="0.005" classname="gameManagement.BoardTest"/>
  <testcase name="testMarkTile" time="0.000" classname="gameManagement.BoardTest"/>
  <testcase name="testClearBoard" time="0.000" classname="gameManagement.BoardTest"/>
  <testcase name="testPopulateTheBoard" time="0.000" classname="gameManagement.BoardTest"/>
  <testcase name="testMarkTile" time="0.000" classname="gameManagement.BoardTest"/>
  <testcase name="testPopulateTheBoard" time="0.000" classname="gameManagement.BoardTest"/>
  <testcase name="testPopulateTheBoard" time="0.000" classname="gameManagement.BoardTest"/>
  <testcase name="testPopulateTheBoard" time="0.000" classname="gameManagement.BoardTest"/>
  <testcase name="testMarkTile" time="0.000" classname="gameManagement.BoardTest"/>
  <testcase name="testClearBoard" time="0.000" classname="gameManagement.BoardTest"/>
  <testcase name="testMarkTile" time="0.000" classname="gameManagement.BoardTest"/>
  <testcase name="testClearBoard" time="0.000" classname="gameManagement.BoardTest"/>
  <testcase name="testPopulateTheBoard" time="0.000" classname="gameManagement.BoardTest"/>
  <testcase name="testMarkTile" time="0.000" classname="gameManagement.BoardTest"/>
  <testcase name="testPopulateTheBoard" time="0.000" classname="gameManagement.BoardTest"/>
  <testcase name="testClearBoard" time="0.000" classname="gameManagement.BoardTest"/>
  <testcase name="testMarkTile" time="0.000" classname="gameManagement.BoardTest"/>
  <testcase name="testPopulateTheBoard" time="0.000" classname="gameManagement.BoardTest"/>
  <testcase name="testPopulateTheBoard" time="0.000" classname="gameManagement.BoardTest"/>
  <testcase name="testMarkTile" time="0.000" classname="gameManagement.BoardTest"/>
  <testcase name="testPopulateTheBoard" time="0.000" classname="gameManagement.BoardTest"/>
  <testcase name="testClearBoard" time="0.000" classname="gameManagement.BoardTest"/>
  <testcase name="testClearBoard" time="0.000" classname="gameManagement.BoardTest"/>
  <testcase name="testClearBoard" time="0.000" classname="gameManagement.BoardTest"/>
  <testcase name="testMarkTile" time="0.001" classname="gameManagement.BoardTest"/>
  <testcase name="testPopulateTheBoard" time="0.000" classname="gameManagement.BoardTest"/>
  <testcase name="testPopulateTheBoard" time="0.000" classname="gameManagement.BoardTest"/>
  <testcase name="testClearBoard" time="0.000" classname="gameManagement.BoardTest"/>
  <testcase name="testMarkTile" time="0.000" classname="gameManagement.BoardTest"/>
  <testcase name="testPopulateTheBoard" time="0.001" classname="gameManagement.BoardTest"/>
  <testcase name="testClearBoard" time="0.001" classname="gameManagement.BoardTest"/>
  <testcase name="testPopulateTheBoard" time="0.000" classname="gameManagement.BoardTest"/>
  <testcase name="testMarkTile" time="0.000" classname="gameManagement.BoardTest"/>
  <testcase name="testClearBoard" time="0.000" classname="gameManagement.BoardTest"/>
  <testcase name="testClearBoard" time="0.000" classname="gameManagement.BoardTest"/>
</testsuite> <!-- gameManagement.BoardTest -->
