<?xml version="1.0" encoding="UTF-8"?>
<!-- Generated by org.testng.reporters.JUnitReportReporter -->
<testsuite hostname="bartoszpieczara-OptiPlex-7020" name="gameManagement.RefereeTest" tests="5" failures="0" timestamp="20 Nov 2017 18:22:57 GMT" time="0.000" errors="0">
  <testcase name="testCheckIfWonVertically" time="0.000" classname="gameManagement.RefereeTest"/>
  <testcase name="testCheckIfWonHorizontally" time="0.000" classname="gameManagement.RefereeTest"/>
  <testcase name="testCheckDiagonal2" time="0.000" classname="gameManagement.RefereeTest"/>
  <testcase name="testCheckIfDraw" time="0.000" classname="gameManagement.RefereeTest"/>
  <testcase name="testCheckDiagonal" time="0.000" classname="gameManagement.RefereeTest"/>
</testsuite> <!-- gameManagement.RefereeTest -->
