<?xml version="1.0" encoding="UTF-8"?>
<!-- Generated by org.testng.reporters.JUnitReportReporter -->
<testsuite hostname="bartoszpieczara-OptiPlex-7020" name="gameManagement.validation.InputValidatorTest" tests="26" failures="0" timestamp="20 Nov 2017 18:22:57 GMT" time="0.045" errors="0">
  <testcase name="testValidatePlayerNameFalse" time="0.000" classname="gameManagement.validation.InputValidatorTest"/>
  <testcase name="testCheckIfTileTaken" time="0.000" classname="gameManagement.validation.InputValidatorTest"/>
  <testcase name="testValidatePlayerNameFalse" time="0.000" classname="gameManagement.validation.InputValidatorTest"/>
  <testcase name="testValidatePlayerNameFalse" time="0.000" classname="gameManagement.validation.InputValidatorTest"/>
  <testcase name="testValidatePlayerNameFalse" time="0.001" classname="gameManagement.validation.InputValidatorTest"/>
  <testcase name="testValidatePlayerNameFalse" time="0.000" classname="gameManagement.validation.InputValidatorTest"/>
  <testcase name="testValidatePlayerNameTrue" time="0.000" classname="gameManagement.validation.InputValidatorTest"/>
  <testcase name="testValidatePlayerNameTrue" time="0.000" classname="gameManagement.validation.InputValidatorTest"/>
  <testcase name="testValidatePlayerNameFalse" time="0.000" classname="gameManagement.validation.InputValidatorTest"/>
  <testcase name="testValidateMove" time="0.000" classname="gameManagement.validation.InputValidatorTest"/>
  <testcase name="testValidatePlayerNameFalse" time="0.001" classname="gameManagement.validation.InputValidatorTest"/>
  <testcase name="testValidatePlayerNameTrue" time="0.000" classname="gameManagement.validation.InputValidatorTest"/>
  <testcase name="testValidateBoardDimensions" time="0.000" classname="gameManagement.validation.InputValidatorTest"/>
  <testcase name="testValidatePlayerNameTrue" time="0.001" classname="gameManagement.validation.InputValidatorTest"/>
  <testcase name="testValidateMove" time="0.000" classname="gameManagement.validation.InputValidatorTest"/>
  <testcase name="testValidatePlayerNameFalse" time="0.000" classname="gameManagement.validation.InputValidatorTest"/>
  <testcase name="testValidatePlayerNameFalse" time="0.000" classname="gameManagement.validation.InputValidatorTest"/>
  <testcase name="testValidatePlayerNameFalse" time="0.000" classname="gameManagement.validation.InputValidatorTest"/>
  <testcase name="testValidateMove" time="0.000" classname="gameManagement.validation.InputValidatorTest"/>
  <testcase name="testValidateMove" time="0.000" classname="gameManagement.validation.InputValidatorTest"/>
  <testcase name="testValidatePlayerNameTrue" time="0.000" classname="gameManagement.validation.InputValidatorTest"/>
  <testcase name="testValidateAdjacentSignsToWin" time="0.041" classname="gameManagement.validation.InputValidatorTest"/>
  <testcase name="testValidatePlayerNameTrue" time="0.000" classname="gameManagement.validation.InputValidatorTest"/>
  <testcase name="testValidateMove" time="0.000" classname="gameManagement.validation.InputValidatorTest"/>
  <testcase name="testValidatePlayerNameFalse" time="0.000" classname="gameManagement.validation.InputValidatorTest"/>
  <testcase name="testValidateMove" time="0.001" classname="gameManagement.validation.InputValidatorTest"/>
</testsuite> <!-- gameManagement.validation.InputValidatorTest -->
